Build started 29-09-2021 01:34:03.
     1>Project "C:\workspace\iitg\Sem1\speech_processing\sp_assignments\Vector-Quantization\LBG\LBG\LBG.vcxproj" on node 2 (build target(s)).
     1>InitializeBuildStatus:
         Creating "Debug\LBG.unsuccessfulbuild" because "AlwaysCreate" was specified.
       ClCompile:
         All outputs are up-to-date.
         C:\Program Files (x86)\Microsoft Visual Studio 10.0\VC\bin\CL.exe /c /ZI /nologo /W3 /WX- /Od /Oy- /D WIN32 /D _DEBUG /D _CONSOLE /D _UNICODE /D UNICODE /Gm /EHsc /RTC1 /MDd /GS /fp:precise /Zc:wchar_t /Zc:forScope /Yu"StdAfx.h" /Fp"Debug\LBG.pch" /Fo"Debug\\" /Fd"Debug\vc100.pdb" /Gd /TP /analyze- /errorReport:prompt LBG.cpp
         LBG.cpp
     1>c:\workspace\iitg\sem1\speech_processing\sp_assignments\vector-quantization\lbg\lbg\lbg.cpp(23): warning C4996: 'fopen': This function or variable may be unsafe. Consider using fopen_s instead. To disable deprecation, use _CRT_SECURE_NO_WARNINGS. See online help for details.
                 c:\program files (x86)\microsoft visual studio 10.0\vc\include\stdio.h(234) : see declaration of 'fopen'
     1>c:\workspace\iitg\sem1\speech_processing\sp_assignments\vector-quantization\lbg\lbg\lbg.cpp(38): warning C4996: 'strtok': This function or variable may be unsafe. Consider using strtok_s instead. To disable deprecation, use _CRT_SECURE_NO_WARNINGS. See online help for details.
                 c:\program files (x86)\microsoft visual studio 10.0\vc\include\string.h(197) : see declaration of 'strtok'
     1>c:\workspace\iitg\sem1\speech_processing\sp_assignments\vector-quantization\lbg\lbg\lbg.cpp(43): warning C4996: 'strtok': This function or variable may be unsafe. Consider using strtok_s instead. To disable deprecation, use _CRT_SECURE_NO_WARNINGS. See online help for details.
                 c:\program files (x86)\microsoft visual studio 10.0\vc\include\string.h(197) : see declaration of 'strtok'
     1>c:\workspace\iitg\sem1\speech_processing\sp_assignments\vector-quantization\lbg\lbg\lbg.cpp(208): warning C4305: 'initializing' : truncation from 'double' to 'float'
       ManifestResourceCompile:
         All outputs are up-to-date.
       Link:
         C:\Program Files (x86)\Microsoft Visual Studio 10.0\VC\bin\link.exe /ERRORREPORT:PROMPT /OUT:"C:\workspace\iitg\Sem1\speech_processing\sp_assignments\Vector-Quantization\LBG\Debug\LBG.exe" /INCREMENTAL /NOLOGO kernel32.lib user32.lib gdi32.lib winspool.lib comdlg32.lib advapi32.lib shell32.lib ole32.lib oleaut32.lib uuid.lib odbc32.lib odbccp32.lib /MANIFEST /ManifestFile:"Debug\LBG.exe.intermediate.manifest" /MANIFESTUAC:"level='asInvoker' uiAccess='false'" /DEBUG /PDB:"C:\workspace\iitg\Sem1\speech_processing\sp_assignments\Vector-Quantization\LBG\Debug\LBG.pdb" /SUBSYSTEM:CONSOLE /TLBID:1 /DYNAMICBASE /NXCOMPAT /IMPLIB:"C:\workspace\iitg\Sem1\speech_processing\sp_assignments\Vector-Quantization\LBG\Debug\LBG.lib" /MACHINE:X86 Debug\LBG.exe.embed.manifest.res
         Debug\LBG.obj
         Debug\stdafx.obj
       Manifest:
         C:\Program Files (x86)\Microsoft SDKs\Windows\v7.0A\bin\mt.exe /nologo /verbose /out:"Debug\LBG.exe.embed.manifest" /manifest Debug\LBG.exe.intermediate.manifest
         All outputs are up-to-date.
       LinkEmbedManifest:
         All outputs are up-to-date.
         LBG.vcxproj -> C:\workspace\iitg\Sem1\speech_processing\sp_assignments\Vector-Quantization\LBG\Debug\LBG.exe
       FinalizeBuildStatus:
         Deleting file "Debug\LBG.unsuccessfulbuild".
         Touching "Debug\LBG.lastbuildstate".
     1>Done Building Project "C:\workspace\iitg\Sem1\speech_processing\sp_assignments\Vector-Quantization\LBG\LBG\LBG.vcxproj" (build target(s)).

Build succeeded.

Time Elapsed 00:00:01.98
